<?xml version="1.0" encoding="UTF-8"?>
<!-- Generated by org.testng.reporters.JUnitReportReporter -->
<testsuite hostname="DESKTOP-C2I0Q31" failures="0" tests="3" name="com.pa.qa.testcases.HomePageTest" time="101.167" errors="0" timestamp="15 Jul 2020 07:14:30 GMT" skipped="0">
  <testcase classname="com.pa.qa.testcases.HomePageTest" name="HomePageSlidesTest" time="38.710"/>
  <testcase classname="com.pa.qa.testcases.HomePageTest" name="HomePageArrivalsTest" time="17.017"/>
  <testcase classname="com.pa.qa.testcases.HomePageTest" name="HomePageNewArrivalsNavigateTest" time="45.440"/>
</testsuite> <!-- com.pa.qa.testcases.HomePageTest -->
